yarn run v1.22.11
$ next build
warn  - Invalid next.config.js options detected: 
warn  -     The value at .experimental has an unexpected property, outputStandalone, which is not in the list of allowed properties (adjustFontFallbacks, adjustFontFallbacksWithSizeAdjust, allowedRevalidateHeaderKeys, amp, clientRouterFilter, cpus, craCompat, disableOptimizedLoading, disablePostcssPresetEnv, esmExternals, appDir, extensionAlias, externalDir, externalMiddlewareRewritesResolve, fallbackNodePolyfills, fetchCacheKeyPrefix, forceSwcTransforms, fullySpecified, gzipSize, incrementalCacheHandlerPath, isrFlushToDisk, isrMemoryCacheSize, largePageDataBytes, legacyBrowsers, manualClientBasePath, middlewarePrefetch, newNextLinkBehavior, nextScriptWorkers, optimizeCss, optimisticClientCache, outputFileTracingRoot, outputFileTracingExcludes, outputFileTracingIgnores, outputFileTracingIncludes, pageEnv, preCompiledNextServer, proxyTimeout, runtime, serverComponentsExternalPackages, scrollRestoration, sharedPool, sri, swcFileReading, swcMinify, swcPlugins, swcTraceProfiling, urlImports, enableUndici, workerThreads, fontLoaders, webVitalsAttribution, mdxRs, typedRoutes, webpackBuildWorker, turbo, instrumentationHook, turbotrace).
warn  - See more info here: https://nextjs.org/docs/messages/invalid-next-config
warn  - You have enabled experimental feature (outputStandalone) in next.config.js.
warn  - Experimental features are not covered by semver, and may cause unexpected or broken application behavior. Use at your own risk.

warn  - experimental.outputStandalone has been renamed to "output: 'standalone'", please move the config.
info  - Linting and checking validity of types...
warn  - The Next.js plugin was not detected in your ESLint configuration. See https://nextjs.org/docs/basic-features/eslint#migrating-existing-config
info  - Creating an optimized production build...
info  - Compiled successfully
info  - Collecting page data...
info  - Generating static pages (0/3)
info  - Generating static pages (3/3)
info  - Finalizing page optimization...

Route (pages)                              Size     First Load JS
┌ ○ / (664 ms)                             340 kB          419 kB
├   /_app                                  0 B            78.9 kB
├ ○ /404                                   182 B          79.1 kB
└ λ /api/hello                             0 B            78.9 kB
+ First Load JS shared by all              83.2 kB
  ├ chunks/framework-2bb1844fb22814b3.js   45.2 kB
  ├ chunks/main-0c597b21730512df.js        27 kB
  ├ chunks/pages/_app-d8913d011b7a2d13.js  5.93 kB
  ├ chunks/webpack-ee7e63bc15b31913.js     815 B
  └ css/58e53c8c1ab59729.css               4.22 kB

λ  (Server)  server-side renders at runtime (uses getInitialProps or getServerSideProps)
○  (Static)  automatically rendered as static HTML (uses no initial props)

Done in 16.79s.
