yarn run v1.22.11
$ yarn prettier --write . && eslint . --ext .ts,.tsx --fix --config .eslintrc.json --resolve-plugins-relative-to .
$ '/Users/andreykeske/Documents/Code/Andrey Keske 2022/node_modules/.bin/prettier' --write .
[warn] jsxBracketSameLine is deprecated.
.eslintrc.json 46ms
.prettierrc 23ms
components/3D/index.ts 120ms
components/3D/Lego.tsx 26ms
components/3D/Wall.tsx 20ms
components/Button.tsx 22ms
components/CloseButton.tsx 23ms
components/Controls.tsx 28ms
components/Head.tsx 24ms
components/index.ts 8ms
components/Logo.tsx 7ms
components/NURBS.tsx 17ms
components/NURBSCube/NURBSCube.Dirt.tsx 11ms
components/NURBSCube/NURBSCube.Glass.tsx 10ms
components/NURBSCube/NURBSCube.Gold.tsx 8ms
components/NURBSCube/NURBSCube.Lava.tsx 5ms
components/NURBSCube/NURBSCube.Leaves.tsx 8ms
components/NURBSCube/NURBSCube.Log.tsx 6ms
components/NURBSCube/NURBSCube.RedStone.tsx 10ms
components/NURBSCube/NURBSCube.Sand.tsx 6ms
components/NURBSCube/NURBSCube.Stone.tsx 9ms
components/NURBSCube/NURBSCube.Structure.SmallHouse.tsx 206ms
components/NURBSCube/NURBSCube.tsx 98ms
components/NURBSCube/NURBSLetter.tsx 36ms
components/NURBSVideo.tsx 19ms
components/Preview/About/Contacts.tsx 15ms
components/Preview/About/Description.tsx 9ms
components/Preview/About/index.tsx 8ms
components/Preview/index.ts 2ms
components/Preview/Interface/Cloth.tsx 2ms
components/Preview/Interface/DistortingMirrors.tsx 40ms
components/Preview/Interface/EsherSwitchButton.tsx 30ms
components/Preview/Interface/index.tsx 8ms
components/Preview/Interface/MandelbrotSet.tsx 27ms
components/Preview/Interface/SoftVideoPlayer.tsx 4ms
components/Preview/Metaphors/AR.Ikea.tsx 6ms
components/Preview/Metaphors/AR.tsx 3ms
components/Preview/Metaphors/Crypto.BTCBubble copy.tsx 31ms
components/Preview/Metaphors/Crypto.BTCBubble.tsx 44ms
components/Preview/Metaphors/Crypto.tsx 12ms
components/Preview/Metaphors/Emojies.tsx 14ms
components/Preview/Metaphors/index.tsx 8ms
components/Preview/Metaphors/IOS.Ticky.tsx 8ms
components/Preview/Metaphors/IOS.tsx 8ms
components/Preview/Metaphors/MacOS.Desktop.tsx 8ms
components/Preview/Metaphors/MacOS.Dock.tsx 14ms
components/Preview/Metaphors/MacOS.Finder.tsx 19ms
components/Preview/Metaphors/MacOS.Terminal.tsx 14ms
components/Preview/Metaphors/MacOS.tsx 4ms
components/Preview/Metaphors/Maps.Globalization.tsx 2ms
components/Preview/Metaphors/Maps.tsx 4ms
components/Preview/Metaphors/Maps.VintageGoogleStreetView.tsx 8ms
components/Preview/Metaphors/Maps.WaterOnMars.tsx 4ms
components/Preview/Minecraft/index.tsx 3ms
components/Preview/Minecraft/MinecraftAtomic.Cube.tsx 25ms
components/Preview/Minecraft/MinecraftAtomic.tsx 37ms
components/Preview/Minecraft/MinecraftNURBS.Blocks.tsx 16ms
components/Preview/Minecraft/MinecraftNURBS.Dirt.tsx 6ms
components/Preview/Minecraft/MinecraftNURBS.Environment.tsx 3ms
components/Preview/Minecraft/MinecraftNURBS.SmallHouse.tsx 4ms
components/Preview/Minecraft/MinecraftNURBS.tsx 9ms
components/Preview/Morphism/index.tsx 11ms
components/Preview/Morphism/InvertedManhattan.tsx 4ms
components/Preview/Morphism/LegoHTML.tsx 9ms
components/Preview/Morphism/LOT2046Tattoo.tsx 8ms
components/Preview/Morphism/Sneakers.tsx 10ms
components/Preview/Streets/Graffiti.tsx 4ms
components/Preview/Streets/index.tsx 3ms
components/Preview/Streets/Installations.tsx 11ms
components/Preview/Streets/Stickers.tsx 4ms
components/Preview/Typography/index.tsx 5ms
components/Preview/Typography/TypographyNURBS.Alphabet.tsx 9ms
components/Preview/Typography/TypographyNURBS.Letter.tsx 9ms
components/Preview/Typography/TypographyNURBS.tsx 4ms
components/THREEOnMouseRotation.tsx 7ms
components/UploadcareImage.tsx 5ms
components/WaterSurface.tsx 13ms
components/Work.tsx 6ms
components/WorkDetails.tsx 6ms
components/WorkList.tsx 9ms
components/WorkTitle.tsx 6ms
hooks/index.ts 1ms
hooks/useControls.tsx 16ms
hooks/useTabs.tsx 12ms
next-env.d.ts 8ms
next.config.js 11ms
package.json 5ms
pages/_app.tsx 10ms
pages/_document.tsx 5ms
pages/api/hello.ts 4ms
pages/index.tsx 15ms
postcss.config.js 5ms
README.md 28ms
stores/index.tsx 4ms
stores/useListItems.tsx 10ms
styles/globals.css 39ms
tailwind.config.js 4ms
tsconfig.json 3ms
turbo.json 2ms
types.d.ts 8ms
utils/index.tsx 3ms
utils/interpolate.tsx 6ms
Done in 11.15s.
